build/app/intermediates/manifest_merge_blame_file/release/manifest-merger-blame-release-report.txt
1<?xml version="1.0" encoding="utf-8"?>
2<manifest xmlns:android="http://schemas.android.com/apk/res/android"
3    package="com.mycompany.iodesk"
4    android:versionCode="1"
5    android:versionName="1.0.0" >
6
7    <uses-sdk
8        android:minSdkVersion="21"
8-->src\main\AndroidManifest.xml
9        android:targetSdkVersion="34" />
9-->src\main\AndroidManifest.xml
10
11    <uses-permission android:name="android.permission.INTERNET" />
11-->src\main\AndroidManifest.xml:4:5-67
11-->src\main\AndroidManifest.xml:4:22-64
12    <uses-permission android:name="android.permission.RECEIVE_BOOT_COMPLETED" />
12-->src\main\AndroidManifest.xml:5:5-80
12-->src\main\AndroidManifest.xml:5:22-78
13    <uses-permission android:name="android.permission.VIBRATE" />
13-->src\main\AndroidManifest.xml:6:5-66
13-->src\main\AndroidManifest.xml:6:22-63
14    <uses-permission android:name="android.permission.USE_FULL_SCREEN_INTENT" />
14-->src\main\AndroidManifest.xml:7:5-81
14-->src\main\AndroidManifest.xml:7:22-78
15    <uses-permission android:name="android.permission.FOREGROUND_SERVICE" />
15-->src\main\AndroidManifest.xml:8:5-77
15-->src\main\AndroidManifest.xml:8:22-74
16    <!--
17             NOTE: the example app requests USE_EXACT_ALARM to make it easier to run the app.
18            Developers will need to check if their own app needs to use SCHEDULE_EXACT_ALARM instead
19    -->
20    <uses-permission android:name="android.permission.USE_EXACT_ALARM" />
20-->src\main\AndroidManifest.xml:11:5-74
20-->src\main\AndroidManifest.xml:11:22-71
21    <uses-permission android:name="android.permission.POST_NOTIFICATIONS" />
21-->src\main\AndroidManifest.xml:12:5-76
21-->src\main\AndroidManifest.xml:12:22-74
22    <uses-permission android:name="android.permission.ACCESS_NETWORK_STATE" />
22-->[com.google.firebase:firebase-auth:22.3.1] AndroidManifest.xml:26:5-79
22-->[com.google.firebase:firebase-auth:22.3.1] AndroidManifest.xml:26:22-76
23    <uses-permission android:name="com.google.android.providers.gsf.permission.READ_GSERVICES" />
23-->[com.google.android.recaptcha:recaptcha:18.4.0] AndroidManifest.xml:9:5-98
23-->[com.google.android.recaptcha:recaptcha:18.4.0] AndroidManifest.xml:9:22-95
24
25    <permission
25-->[androidx.core:core:1.10.1] AndroidManifest.xml:22:5-24:47
26        android:name="com.mycompany.iodesk.DYNAMIC_RECEIVER_NOT_EXPORTED_PERMISSION"
26-->[androidx.core:core:1.10.1] AndroidManifest.xml:23:9-81
27        android:protectionLevel="signature" />
27-->[androidx.core:core:1.10.1] AndroidManifest.xml:24:9-44
28
29    <uses-permission android:name="com.mycompany.iodesk.DYNAMIC_RECEIVER_NOT_EXPORTED_PERMISSION" />
29-->[androidx.core:core:1.10.1] AndroidManifest.xml:26:5-97
29-->[androidx.core:core:1.10.1] AndroidManifest.xml:26:22-94
30
31    <application
31-->src\main\AndroidManifest.xml:13:5-65:19
32        android:appComponentFactory="androidx.core.app.CoreComponentFactory"
32-->[androidx.core:core:1.10.1] AndroidManifest.xml:28:18-86
33        android:enableOnBackInvokedCallback="true"
33-->src\main\AndroidManifest.xml:18:13-55
34        android:icon="@mipmap/ic_launcher"
34-->src\main\AndroidManifest.xml:16:13-47
35        android:label="IODesk"
35-->src\main\AndroidManifest.xml:14:13-35
36        android:requestLegacyExternalStorage="true" >
36-->src\main\AndroidManifest.xml:17:13-56
37        <activity
37-->src\main\AndroidManifest.xml:20:13-42:24
38            android:name="com.mycompany.iodesk.MainActivity"
38-->src\main\AndroidManifest.xml:21:17-45
39            android:configChanges="orientation|keyboardHidden|keyboard|screenSize|smallestScreenSize|locale|layoutDirection|fontScale|screenLayout|density|uiMode"
39-->src\main\AndroidManifest.xml:24:17-167
40            android:exported="true"
40-->src\main\AndroidManifest.xml:29:17-40
41            android:hardwareAccelerated="true"
41-->src\main\AndroidManifest.xml:25:17-51
42            android:launchMode="singleTop"
42-->src\main\AndroidManifest.xml:22:17-47
43            android:showWhenLocked="true"
43-->src\main\AndroidManifest.xml:27:17-46
44            android:theme="@style/LaunchTheme"
44-->src\main\AndroidManifest.xml:23:17-51
45            android:turnScreenOn="true"
45-->src\main\AndroidManifest.xml:28:17-44
46            android:windowSoftInputMode="adjustResize" >
46-->src\main\AndroidManifest.xml:26:17-59
47
48            <!--
49                     Specifies an Android theme to apply to this Activity as soon as
50                    the Android process has started. This theme is visible to the user
51                    while the Flutter UI initializes. After that, this theme continues
52                    to determine the Window background behind the Flutter UI.
53            -->
54            <meta-data
54-->src\main\AndroidManifest.xml:34:17-37:19
55                android:name="io.flutter.embedding.android.NormalTheme"
55-->src\main\AndroidManifest.xml:35:17-72
56                android:resource="@style/NormalTheme" />
56-->src\main\AndroidManifest.xml:36:17-54
57
58            <intent-filter>
58-->src\main\AndroidManifest.xml:38:17-41:33
59                <action android:name="android.intent.action.MAIN" />
59-->src\main\AndroidManifest.xml:39:21-72
59-->src\main\AndroidManifest.xml:39:29-70
60
61                <category android:name="android.intent.category.LAUNCHER" />
61-->src\main\AndroidManifest.xml:40:21-80
61-->src\main\AndroidManifest.xml:40:31-78
62            </intent-filter>
63        </activity>
64        <!--
65                 Don't delete the meta-data below.
66                This is used by the Flutter tool to generate GeneratedPluginRegistrant.java
67        -->
68        <meta-data
68-->src\main\AndroidManifest.xml:45:13-47:37
69            android:name="flutterEmbedding"
69-->src\main\AndroidManifest.xml:46:17-48
70            android:value="2" />
70-->src\main\AndroidManifest.xml:47:17-34
71        <!--
72                 If you want your foreground service to be stopped if
73                your app is stopped, set android:stopWithTask to true.
74                See https://developer.android.com/reference/android/R.attr#stopWithTask
75        -->
76        <service
76-->src\main\AndroidManifest.xml:51:13-54:47
77            android:name="com.dexterous.flutterlocalnotifications.ForegroundService"
77-->src\main\AndroidManifest.xml:52:17-89
78            android:exported="false"
78-->src\main\AndroidManifest.xml:53:17-41
79            android:stopWithTask="false" />
79-->src\main\AndroidManifest.xml:54:17-45
80
81        <receiver
81-->src\main\AndroidManifest.xml:55:13-129
82            android:name="com.dexterous.flutterlocalnotifications.ActionBroadcastReceiver"
82-->src\main\AndroidManifest.xml:55:48-126
83            android:exported="false" />
83-->src\main\AndroidManifest.xml:55:23-47
84        <receiver
84-->src\main\AndroidManifest.xml:56:13-135
85            android:name="com.dexterous.flutterlocalnotifications.ScheduledNotificationReceiver"
85-->src\main\AndroidManifest.xml:56:48-132
86            android:exported="false" />
86-->src\main\AndroidManifest.xml:56:23-47
87        <receiver
87-->src\main\AndroidManifest.xml:57:13-64:24
88            android:name="com.dexterous.flutterlocalnotifications.ScheduledNotificationBootReceiver"
88-->src\main\AndroidManifest.xml:57:48-136
89            android:exported="false" >
89-->src\main\AndroidManifest.xml:57:23-47
90            <intent-filter>
90-->src\main\AndroidManifest.xml:58:17-63:33
91                <action android:name="android.intent.action.BOOT_COMPLETED" />
91-->src\main\AndroidManifest.xml:59:21-82
91-->src\main\AndroidManifest.xml:59:29-80
92                <action android:name="android.intent.action.MY_PACKAGE_REPLACED" />
92-->src\main\AndroidManifest.xml:60:21-87
92-->src\main\AndroidManifest.xml:60:29-85
93                <action android:name="android.intent.action.QUICKBOOT_POWERON" />
93-->src\main\AndroidManifest.xml:61:21-86
93-->src\main\AndroidManifest.xml:61:29-83
94                <action android:name="com.htc.intent.action.QUICKBOOT_POWERON" />
94-->src\main\AndroidManifest.xml:62:21-85
94-->src\main\AndroidManifest.xml:62:29-83
95            </intent-filter>
96        </receiver>
97
98        <service
98-->[:cloud_firestore] AndroidManifest.xml:10:9-14:19
99            android:name="com.google.firebase.components.ComponentDiscoveryService"
99-->[:cloud_firestore] AndroidManifest.xml:10:18-89
100            android:directBootAware="true"
100-->[com.google.firebase:firebase-common:20.4.3] AndroidManifest.xml:32:13-43
101            android:exported="false" >
101-->[com.google.firebase:firebase-perf:20.5.2] AndroidManifest.xml:13:13-37
102            <meta-data
102-->[:cloud_firestore] AndroidManifest.xml:11:13-13:85
103                android:name="com.google.firebase.components:io.flutter.plugins.firebase.firestore.FlutterFirebaseFirestoreRegistrar"
103-->[:cloud_firestore] AndroidManifest.xml:12:17-134
104                android:value="com.google.firebase.components.ComponentRegistrar" />
104-->[:cloud_firestore] AndroidManifest.xml:13:17-82
105            <meta-data
105-->[:firebase_auth] AndroidManifest.xml:11:13-13:85
106                android:name="com.google.firebase.components:io.flutter.plugins.firebase.auth.FlutterFirebaseAuthRegistrar"
106-->[:firebase_auth] AndroidManifest.xml:12:17-124
107                android:value="com.google.firebase.components.ComponentRegistrar" />
107-->[:firebase_auth] AndroidManifest.xml:13:17-82
108            <meta-data
108-->[:firebase_performance] AndroidManifest.xml:13:13-15:85
109                android:name="com.google.firebase.components:io.flutter.plugins.firebase.performance.FlutterFirebaseAppRegistrar"
109-->[:firebase_performance] AndroidManifest.xml:14:17-130
110                android:value="com.google.firebase.components.ComponentRegistrar" />
110-->[:firebase_performance] AndroidManifest.xml:15:17-82
111            <meta-data
111-->[:firebase_core] AndroidManifest.xml:11:13-13:85
112                android:name="com.google.firebase.components:io.flutter.plugins.firebase.core.FlutterFirebaseCoreRegistrar"
112-->[:firebase_core] AndroidManifest.xml:12:17-124
113                android:value="com.google.firebase.components.ComponentRegistrar" />
113-->[:firebase_core] AndroidManifest.xml:13:17-82
114            <meta-data
114-->[com.google.firebase:firebase-perf:20.5.2] AndroidManifest.xml:14:13-16:85
115                android:name="com.google.firebase.components:com.google.firebase.perf.FirebasePerfKtxRegistrar"
115-->[com.google.firebase:firebase-perf:20.5.2] AndroidManifest.xml:15:17-112
116                android:value="com.google.firebase.components.ComponentRegistrar" />
116-->[com.google.firebase:firebase-perf:20.5.2] AndroidManifest.xml:16:17-82
117            <meta-data
117-->[com.google.firebase:firebase-perf:20.5.2] AndroidManifest.xml:17:13-19:85
118                android:name="com.google.firebase.components:com.google.firebase.perf.FirebasePerfRegistrar"
118-->[com.google.firebase:firebase-perf:20.5.2] AndroidManifest.xml:18:17-109
119                android:value="com.google.firebase.components.ComponentRegistrar" />
119-->[com.google.firebase:firebase-perf:20.5.2] AndroidManifest.xml:19:17-82
120            <meta-data
120-->[com.google.firebase:firebase-sessions:1.2.2] AndroidManifest.xml:29:13-31:85
121                android:name="com.google.firebase.components:com.google.firebase.sessions.FirebaseSessionsRegistrar"
121-->[com.google.firebase:firebase-sessions:1.2.2] AndroidManifest.xml:30:17-117
122                android:value="com.google.firebase.components.ComponentRegistrar" />
122-->[com.google.firebase:firebase-sessions:1.2.2] AndroidManifest.xml:31:17-82
123            <meta-data
123-->[com.google.firebase:firebase-auth:22.3.1] AndroidManifest.xml:69:13-71:85
124                android:name="com.google.firebase.components:com.google.firebase.auth.FirebaseAuthRegistrar"
124-->[com.google.firebase:firebase-auth:22.3.1] AndroidManifest.xml:70:17-109
125                android:value="com.google.firebase.components.ComponentRegistrar" />
125-->[com.google.firebase:firebase-auth:22.3.1] AndroidManifest.xml:71:17-82
126            <meta-data
126-->[com.google.firebase:firebase-firestore:24.11.0] AndroidManifest.xml:17:13-19:85
127                android:name="com.google.firebase.components:com.google.firebase.firestore.FirebaseFirestoreKtxRegistrar"
127-->[com.google.firebase:firebase-firestore:24.11.0] AndroidManifest.xml:18:17-122
128                android:value="com.google.firebase.components.ComponentRegistrar" />
128-->[com.google.firebase:firebase-firestore:24.11.0] AndroidManifest.xml:19:17-82
129            <meta-data
129-->[com.google.firebase:firebase-firestore:24.11.0] AndroidManifest.xml:20:13-22:85
130                android:name="com.google.firebase.components:com.google.firebase.firestore.FirestoreRegistrar"
130-->[com.google.firebase:firebase-firestore:24.11.0] AndroidManifest.xml:21:17-111
131                android:value="com.google.firebase.components.ComponentRegistrar" />
131-->[com.google.firebase:firebase-firestore:24.11.0] AndroidManifest.xml:22:17-82
132            <meta-data
132-->[com.google.firebase:firebase-config:21.6.3] AndroidManifest.xml:29:13-31:85
133                android:name="com.google.firebase.components:com.google.firebase.remoteconfig.FirebaseRemoteConfigKtxRegistrar"
133-->[com.google.firebase:firebase-config:21.6.3] AndroidManifest.xml:30:17-128
134                android:value="com.google.firebase.components.ComponentRegistrar" />
134-->[com.google.firebase:firebase-config:21.6.3] AndroidManifest.xml:31:17-82
135            <meta-data
135-->[com.google.firebase:firebase-config:21.6.3] AndroidManifest.xml:32:13-34:85
136                android:name="com.google.firebase.components:com.google.firebase.remoteconfig.RemoteConfigRegistrar"
136-->[com.google.firebase:firebase-config:21.6.3] AndroidManifest.xml:33:17-117
137                android:value="com.google.firebase.components.ComponentRegistrar" />
137-->[com.google.firebase:firebase-config:21.6.3] AndroidManifest.xml:34:17-82
138            <meta-data
138-->[com.google.firebase:firebase-installations:17.2.0] AndroidManifest.xml:15:13-17:85
139                android:name="com.google.firebase.components:com.google.firebase.installations.FirebaseInstallationsKtxRegistrar"
139-->[com.google.firebase:firebase-installations:17.2.0] AndroidManifest.xml:16:17-130
140                android:value="com.google.firebase.components.ComponentRegistrar" />
140-->[com.google.firebase:firebase-installations:17.2.0] AndroidManifest.xml:17:17-82
141            <meta-data
141-->[com.google.firebase:firebase-installations:17.2.0] AndroidManifest.xml:18:13-20:85
142                android:name="com.google.firebase.components:com.google.firebase.installations.FirebaseInstallationsRegistrar"
142-->[com.google.firebase:firebase-installations:17.2.0] AndroidManifest.xml:19:17-127
143                android:value="com.google.firebase.components.ComponentRegistrar" />
143-->[com.google.firebase:firebase-installations:17.2.0] AndroidManifest.xml:20:17-82
144            <meta-data
144-->[com.google.firebase:firebase-common-ktx:20.4.3] AndroidManifest.xml:12:13-14:85
145                android:name="com.google.firebase.components:com.google.firebase.ktx.FirebaseCommonLegacyRegistrar"
145-->[com.google.firebase:firebase-common-ktx:20.4.3] AndroidManifest.xml:13:17-116
146                android:value="com.google.firebase.components.ComponentRegistrar" />
146-->[com.google.firebase:firebase-common-ktx:20.4.3] AndroidManifest.xml:14:17-82
147            <meta-data
147-->[com.google.firebase:firebase-datatransport:18.1.8] AndroidManifest.xml:27:13-29:85
148                android:name="com.google.firebase.components:com.google.firebase.datatransport.TransportRegistrar"
148-->[com.google.firebase:firebase-datatransport:18.1.8] AndroidManifest.xml:28:17-115
149                android:value="com.google.firebase.components.ComponentRegistrar" />
149-->[com.google.firebase:firebase-datatransport:18.1.8] AndroidManifest.xml:29:17-82
150            <meta-data
150-->[com.google.firebase:firebase-common:20.4.3] AndroidManifest.xml:35:13-37:85
151                android:name="com.google.firebase.components:com.google.firebase.FirebaseCommonKtxRegistrar"
151-->[com.google.firebase:firebase-common:20.4.3] AndroidManifest.xml:36:17-109
152                android:value="com.google.firebase.components.ComponentRegistrar" />
152-->[com.google.firebase:firebase-common:20.4.3] AndroidManifest.xml:37:17-82
153            <meta-data
153-->[com.google.firebase:firebase-abt:21.1.1] AndroidManifest.xml:12:13-14:85
154                android:name="com.google.firebase.components:com.google.firebase.abt.component.AbtRegistrar"
154-->[com.google.firebase:firebase-abt:21.1.1] AndroidManifest.xml:13:17-109
155                android:value="com.google.firebase.components.ComponentRegistrar" />
155-->[com.google.firebase:firebase-abt:21.1.1] AndroidManifest.xml:14:17-82
156        </service>
157
158        <activity
158-->[:url_launcher_android] AndroidManifest.xml:10:9-13:74
159            android:name="io.flutter.plugins.urllauncher.WebViewActivity"
159-->[:url_launcher_android] AndroidManifest.xml:11:13-74
160            android:exported="false"
160-->[:url_launcher_android] AndroidManifest.xml:12:13-37
161            android:theme="@android:style/Theme.NoTitleBar.Fullscreen" />
161-->[:url_launcher_android] AndroidManifest.xml:13:13-71
162
163        <service
163-->[com.google.firebase:firebase-sessions:1.2.2] AndroidManifest.xml:22:9-25:40
164            android:name="com.google.firebase.sessions.SessionLifecycleService"
164-->[com.google.firebase:firebase-sessions:1.2.2] AndroidManifest.xml:23:13-80
165            android:enabled="true"
165-->[com.google.firebase:firebase-sessions:1.2.2] AndroidManifest.xml:24:13-35
166            android:exported="false" />
166-->[com.google.firebase:firebase-sessions:1.2.2] AndroidManifest.xml:25:13-37
167
168        <activity
168-->[com.google.firebase:firebase-auth:22.3.1] AndroidManifest.xml:29:9-46:20
169            android:name="com.google.firebase.auth.internal.GenericIdpActivity"
169-->[com.google.firebase:firebase-auth:22.3.1] AndroidManifest.xml:30:13-80
170            android:excludeFromRecents="true"
170-->[com.google.firebase:firebase-auth:22.3.1] AndroidManifest.xml:31:13-46
171            android:exported="true"
171-->[com.google.firebase:firebase-auth:22.3.1] AndroidManifest.xml:32:13-36
172            android:launchMode="singleTask"
172-->[com.google.firebase:firebase-auth:22.3.1] AndroidManifest.xml:33:13-44
173            android:theme="@android:style/Theme.Translucent.NoTitleBar" >
173-->[com.google.firebase:firebase-auth:22.3.1] AndroidManifest.xml:34:13-72
174            <intent-filter>
174-->[com.google.firebase:firebase-auth:22.3.1] AndroidManifest.xml:35:13-45:29
175                <action android:name="android.intent.action.VIEW" />
175-->[com.google.firebase:firebase-auth:22.3.1] AndroidManifest.xml:36:17-69
175-->[com.google.firebase:firebase-auth:22.3.1] AndroidManifest.xml:36:25-66
176
177                <category android:name="android.intent.category.DEFAULT" />
177-->[com.google.firebase:firebase-auth:22.3.1] AndroidManifest.xml:38:17-76
177-->[com.google.firebase:firebase-auth:22.3.1] AndroidManifest.xml:38:27-73
178                <category android:name="android.intent.category.BROWSABLE" />
178-->[com.google.firebase:firebase-auth:22.3.1] AndroidManifest.xml:39:17-78
178-->[com.google.firebase:firebase-auth:22.3.1] AndroidManifest.xml:39:27-75
179
180                <data
180-->[com.google.firebase:firebase-auth:22.3.1] AndroidManifest.xml:41:17-44:51
181                    android:host="firebase.auth"
181-->[com.google.firebase:firebase-auth:22.3.1] AndroidManifest.xml:42:21-49
182                    android:path="/"
182-->[com.google.firebase:firebase-auth:22.3.1] AndroidManifest.xml:43:21-37
183                    android:scheme="genericidp" />
183-->[com.google.firebase:firebase-auth:22.3.1] AndroidManifest.xml:44:21-48
184            </intent-filter>
185        </activity>
186        <activity
186-->[com.google.firebase:firebase-auth:22.3.1] AndroidManifest.xml:47:9-64:20
187            android:name="com.google.firebase.auth.internal.RecaptchaActivity"
187-->[com.google.firebase:firebase-auth:22.3.1] AndroidManifest.xml:48:13-79
188            android:excludeFromRecents="true"
188-->[com.google.firebase:firebase-auth:22.3.1] AndroidManifest.xml:49:13-46
189            android:exported="true"
189-->[com.google.firebase:firebase-auth:22.3.1] AndroidManifest.xml:50:13-36
190            android:launchMode="singleTask"
190-->[com.google.firebase:firebase-auth:22.3.1] AndroidManifest.xml:51:13-44
191            android:theme="@android:style/Theme.Translucent.NoTitleBar" >
191-->[com.google.firebase:firebase-auth:22.3.1] AndroidManifest.xml:52:13-72
192            <intent-filter>
192-->[com.google.firebase:firebase-auth:22.3.1] AndroidManifest.xml:53:13-63:29
193                <action android:name="android.intent.action.VIEW" />
193-->[com.google.firebase:firebase-auth:22.3.1] AndroidManifest.xml:36:17-69
193-->[com.google.firebase:firebase-auth:22.3.1] AndroidManifest.xml:36:25-66
194
195                <category android:name="android.intent.category.DEFAULT" />
195-->[com.google.firebase:firebase-auth:22.3.1] AndroidManifest.xml:38:17-76
195-->[com.google.firebase:firebase-auth:22.3.1] AndroidManifest.xml:38:27-73
196                <category android:name="android.intent.category.BROWSABLE" />
196-->[com.google.firebase:firebase-auth:22.3.1] AndroidManifest.xml:39:17-78
196-->[com.google.firebase:firebase-auth:22.3.1] AndroidManifest.xml:39:27-75
197
198                <data
198-->[com.google.firebase:firebase-auth:22.3.1] AndroidManifest.xml:41:17-44:51
199                    android:host="firebase.auth"
199-->[com.google.firebase:firebase-auth:22.3.1] AndroidManifest.xml:42:21-49
200                    android:path="/"
200-->[com.google.firebase:firebase-auth:22.3.1] AndroidManifest.xml:43:21-37
201                    android:scheme="recaptcha" />
201-->[com.google.firebase:firebase-auth:22.3.1] AndroidManifest.xml:44:21-48
202            </intent-filter>
203        </activity>
204
205        <service
205-->[com.google.android.datatransport:transport-backend-cct:3.1.9] AndroidManifest.xml:28:9-34:19
206            android:name="com.google.android.datatransport.runtime.backends.TransportBackendDiscovery"
206-->[com.google.android.datatransport:transport-backend-cct:3.1.9] AndroidManifest.xml:29:13-103
207            android:exported="false" >
207-->[com.google.android.datatransport:transport-backend-cct:3.1.9] AndroidManifest.xml:30:13-37
208            <meta-data
208-->[com.google.android.datatransport:transport-backend-cct:3.1.9] AndroidManifest.xml:31:13-33:39
209                android:name="backend:com.google.android.datatransport.cct.CctBackendFactory"
209-->[com.google.android.datatransport:transport-backend-cct:3.1.9] AndroidManifest.xml:32:17-94
210                android:value="cct" />
210-->[com.google.android.datatransport:transport-backend-cct:3.1.9] AndroidManifest.xml:33:17-36
211        </service>
212
213        <uses-library
213-->[androidx.window:window:1.0.0] AndroidManifest.xml:25:9-27:40
214            android:name="androidx.window.extensions"
214-->[androidx.window:window:1.0.0] AndroidManifest.xml:26:13-54
215            android:required="false" />
215-->[androidx.window:window:1.0.0] AndroidManifest.xml:27:13-37
216        <uses-library
216-->[androidx.window:window:1.0.0] AndroidManifest.xml:28:9-30:40
217            android:name="androidx.window.sidecar"
217-->[androidx.window:window:1.0.0] AndroidManifest.xml:29:13-51
218            android:required="false" />
218-->[androidx.window:window:1.0.0] AndroidManifest.xml:30:13-37
219
220        <provider
220-->[com.google.firebase:firebase-common:20.4.3] AndroidManifest.xml:23:9-28:39
221            android:name="com.google.firebase.provider.FirebaseInitProvider"
221-->[com.google.firebase:firebase-common:20.4.3] AndroidManifest.xml:24:13-77
222            android:authorities="com.mycompany.iodesk.firebaseinitprovider"
222-->[com.google.firebase:firebase-common:20.4.3] AndroidManifest.xml:25:13-72
223            android:directBootAware="true"
223-->[com.google.firebase:firebase-common:20.4.3] AndroidManifest.xml:26:13-43
224            android:exported="false"
224-->[com.google.firebase:firebase-common:20.4.3] AndroidManifest.xml:27:13-37
225            android:initOrder="100" />
225-->[com.google.firebase:firebase-common:20.4.3] AndroidManifest.xml:28:13-36
226
227        <activity
227-->[com.google.android.gms:play-services-auth:20.7.0] AndroidManifest.xml:23:9-27:75
228            android:name="com.google.android.gms.auth.api.signin.internal.SignInHubActivity"
228-->[com.google.android.gms:play-services-auth:20.7.0] AndroidManifest.xml:24:13-93
229            android:excludeFromRecents="true"
229-->[com.google.android.gms:play-services-auth:20.7.0] AndroidManifest.xml:25:13-46
230            android:exported="false"
230-->[com.google.android.gms:play-services-auth:20.7.0] AndroidManifest.xml:26:13-37
231            android:theme="@android:style/Theme.Translucent.NoTitleBar" />
231-->[com.google.android.gms:play-services-auth:20.7.0] AndroidManifest.xml:27:13-72
232        <!--
233            Service handling Google Sign-In user revocation. For apps that do not integrate with
234            Google Sign-In, this service will never be started.
235        -->
236        <service
236-->[com.google.android.gms:play-services-auth:20.7.0] AndroidManifest.xml:33:9-37:51
237            android:name="com.google.android.gms.auth.api.signin.RevocationBoundService"
237-->[com.google.android.gms:play-services-auth:20.7.0] AndroidManifest.xml:34:13-89
238            android:exported="true"
238-->[com.google.android.gms:play-services-auth:20.7.0] AndroidManifest.xml:35:13-36
239            android:permission="com.google.android.gms.auth.api.signin.permission.REVOCATION_NOTIFICATION"
239-->[com.google.android.gms:play-services-auth:20.7.0] AndroidManifest.xml:36:13-107
240            android:visibleToInstantApps="true" />
240-->[com.google.android.gms:play-services-auth:20.7.0] AndroidManifest.xml:37:13-48
241
242        <activity
242-->[com.google.android.gms:play-services-base:18.0.1] AndroidManifest.xml:20:9-22:45
243            android:name="com.google.android.gms.common.api.GoogleApiActivity"
243-->[com.google.android.gms:play-services-base:18.0.1] AndroidManifest.xml:20:19-85
244            android:exported="false"
244-->[com.google.android.gms:play-services-base:18.0.1] AndroidManifest.xml:22:19-43
245            android:theme="@android:style/Theme.Translucent.NoTitleBar" />
245-->[com.google.android.gms:play-services-base:18.0.1] AndroidManifest.xml:21:19-78
246
247        <meta-data
247-->[com.google.android.gms:play-services-basement:18.3.0] AndroidManifest.xml:21:9-23:69
248            android:name="com.google.android.gms.version"
248-->[com.google.android.gms:play-services-basement:18.3.0] AndroidManifest.xml:22:13-58
249            android:value="@integer/google_play_services_version" />
249-->[com.google.android.gms:play-services-basement:18.3.0] AndroidManifest.xml:23:13-66
250
251        <provider
251-->[androidx.lifecycle:lifecycle-process:2.3.1] AndroidManifest.xml:25:9-29:43
252            android:name="androidx.lifecycle.ProcessLifecycleOwnerInitializer"
252-->[androidx.lifecycle:lifecycle-process:2.3.1] AndroidManifest.xml:26:13-79
253            android:authorities="com.mycompany.iodesk.lifecycle-process"
253-->[androidx.lifecycle:lifecycle-process:2.3.1] AndroidManifest.xml:27:13-69
254            android:exported="false"
254-->[androidx.lifecycle:lifecycle-process:2.3.1] AndroidManifest.xml:28:13-37
255            android:multiprocess="true" />
255-->[androidx.lifecycle:lifecycle-process:2.3.1] AndroidManifest.xml:29:13-40
256
257        <service
257-->[com.google.android.datatransport:transport-runtime:3.1.9] AndroidManifest.xml:26:9-30:19
258            android:name="com.google.android.datatransport.runtime.scheduling.jobscheduling.JobInfoSchedulerService"
258-->[com.google.android.datatransport:transport-runtime:3.1.9] AndroidManifest.xml:27:13-117
259            android:exported="false"
259-->[com.google.android.datatransport:transport-runtime:3.1.9] AndroidManifest.xml:28:13-37
260            android:permission="android.permission.BIND_JOB_SERVICE" >
260-->[com.google.android.datatransport:transport-runtime:3.1.9] AndroidManifest.xml:29:13-69
261        </service>
262
263        <receiver
263-->[com.google.android.datatransport:transport-runtime:3.1.9] AndroidManifest.xml:32:9-34:40
264            android:name="com.google.android.datatransport.runtime.scheduling.jobscheduling.AlarmManagerSchedulerBroadcastReceiver"
264-->[com.google.android.datatransport:transport-runtime:3.1.9] AndroidManifest.xml:33:13-132
265            android:exported="false" />
265-->[com.google.android.datatransport:transport-runtime:3.1.9] AndroidManifest.xml:34:13-37
266    </application>
267
268</manifest>